<?xml version="1.0" encoding="UTF-8"?>
<!-- Generated by org.testng.reporters.JUnitXMLReporter -->
<testsuite ignored="0" hostname="LAPTOP-SNCES83Q" failures="1" tests="3" name="Error Validations Test" time="79.092" errors="0" timestamp="2024-08-29T20:16:31 IST">
  <testcase classname="anushaankam.tests.ErrorValidationsTest" name="LoginErrorValidation" time="0.759">
    <skipped/>
  </testcase> <!-- LoginErrorValidation -->
  <testcase classname="anushaankam.tests.ErrorValidationsTest" name="LoginErrorValidation" time="0.891">
    <failure type="java.lang.AssertionError" message="expected [Incorrect email  password.] but found [Incorrect email or password.]">
      <![CDATA[java.lang.AssertionError: expected [Incorrect email  password.] but found [Incorrect email or password.]
at anushaankam.tests.ErrorValidationsTest.LoginErrorValidation(ErrorValidationsTest.java:24)
at java.base/java.util.ArrayList.forEach(ArrayList.java:1511)
at java.base/java.util.concurrent.FutureTask.run(FutureTask.java:264)
at java.base/java.util.concurrent.ThreadPoolExecutor.runWorker(ThreadPoolExecutor.java:1136)
at java.base/java.util.concurrent.ThreadPoolExecutor$Worker.run(ThreadPoolExecutor.java:635)
at java.base/java.lang.Thread.run(Thread.java:840)
... Removed 23 stack frames]]>
    </failure>
  </testcase> <!-- LoginErrorValidation -->
  <testcase classname="anushaankam.tests.ErrorValidationsTest" name="ProductErrorValidation" time="63.938"/>
</testsuite> <!-- Error Validations Test -->
